mode: set
github.ibm.com/gophercises/exercise15/main.go:18.13,20.2 1 0
github.ibm.com/gophercises/exercise15/main.go:25.64,28.2 1 1
github.ibm.com/gophercises/exercise15/main.go:29.20,36.2 5 1
github.ibm.com/gophercises/exercise15/main.go:38.64,42.16 4 1
github.ibm.com/gophercises/exercise15/main.go:45.2,46.16 2 1
github.ibm.com/gophercises/exercise15/main.go:50.2,53.16 3 1
github.ibm.com/gophercises/exercise15/main.go:57.2,58.14 2 1
github.ibm.com/gophercises/exercise15/main.go:61.2,66.53 6 1
github.ibm.com/gophercises/exercise15/main.go:42.16,44.3 1 1
github.ibm.com/gophercises/exercise15/main.go:46.16,49.3 2 1
github.ibm.com/gophercises/exercise15/main.go:53.16,56.3 2 1
github.ibm.com/gophercises/exercise15/main.go:58.14,60.3 1 1
github.ibm.com/gophercises/exercise15/main.go:69.47,70.54 1 1
github.ibm.com/gophercises/exercise15/main.go:70.54,71.16 1 1
github.ibm.com/gophercises/exercise15/main.go:80.3,80.22 1 1
github.ibm.com/gophercises/exercise15/main.go:71.16,72.36 1 1
github.ibm.com/gophercises/exercise15/main.go:72.36,78.5 5 0
github.ibm.com/gophercises/exercise15/main.go:85.61,88.17 2 0
github.ibm.com/gophercises/exercise15/main.go:91.52,93.2 1 1
github.ibm.com/gophercises/exercise15/main.go:96.37,98.30 2 0
github.ibm.com/gophercises/exercise15/main.go:121.2,121.34 1 0
github.ibm.com/gophercises/exercise15/main.go:98.30,99.40 1 0
github.ibm.com/gophercises/exercise15/main.go:102.3,103.27 2 0
github.ibm.com/gophercises/exercise15/main.go:109.3,110.46 2 0
github.ibm.com/gophercises/exercise15/main.go:116.3,119.142 4 0
github.ibm.com/gophercises/exercise15/main.go:99.40,100.12 1 0
github.ibm.com/gophercises/exercise15/main.go:103.27,104.17 1 0
github.ibm.com/gophercises/exercise15/main.go:104.17,106.10 2 0
github.ibm.com/gophercises/exercise15/main.go:110.46,111.38 1 0
github.ibm.com/gophercises/exercise15/main.go:114.4,114.30 1 0
github.ibm.com/gophercises/exercise15/main.go:111.38,112.10 1 0
